# JRE version: Java(TM) SE Runtime Environment (8.0_191-b12) (build 1.8.0_191-b12)
# Java VM: Java HotSpot(TM) 64-Bit Server VM (25.191-b12 mixed mode bsd-amd64 compressed oops)
Heap:
 PSYoungGen      total 501760K, used 64321K [0x0000000715580000, 0x0000000737980000, 0x00000007c0000000)
  eden space 482304K, 9% used [0x0000000715580000,0x000000071815f838,0x0000000732c80000)
  from space 19456K, 99% used [0x0000000736680000,0x0000000737970f78,0x0000000737980000)
  to   space 23040K, 0% used [0x0000000734c80000,0x0000000734c80000,0x0000000736300000)
 ParOldGen       total 362496K, used 33966K [0x00000005c0000000, 0x00000005d6200000, 0x0000000715580000)
  object space 362496K, 9% used [0x00000005c0000000,0x00000005c212ba08,0x00000005d6200000)
 Metaspace       used 72854K, capacity 75805K, committed 75944K, reserved 1114112K
  class space    used 9869K, capacity 10364K, committed 10408K, reserved 1048576K
GC Heap History (10 events):
Event: 5.239 GC heap before
{Heap before GC invocations=7 (full 2):
 PSYoungGen      total 237056K, used 9385K [0x0000000715580000, 0x000000072ce80000, 0x00000007c0000000)
  eden space 215552K, 0% used [0x0000000715580000,0x0000000715580000,0x0000000722800000)
  from space 21504K, 43% used [0x0000000722800000,0x000000072312a6f8,0x0000000723d00000)
  to   space 12288K, 0% used [0x000000072c280000,0x000000072c280000,0x000000072ce80000)
 ParOldGen       total 180736K, used 8010K [0x00000005c0000000, 0x00000005cb080000, 0x0000000715580000)
  object space 180736K, 4% used [0x00000005c0000000,0x00000005c07d2960,0x00000005cb080000)
 Metaspace       used 34274K, capacity 35477K, committed 35496K, reserved 1079296K
  class space    used 4491K, capacity 4758K, committed 4776K, reserved 1048576K
Event: 5.269 GC heap after
Heap after GC invocations=7 (full 2):
 PSYoungGen      total 237056K, used 0K [0x0000000715580000, 0x000000072ce80000, 0x00000007c0000000)
  eden space 215552K, 0% used [0x0000000715580000,0x0000000715580000,0x0000000722800000)
  from space 21504K, 0% used [0x0000000722800000,0x0000000722800000,0x0000000723d00000)
  to   space 12288K, 0% used [0x000000072c280000,0x000000072c280000,0x000000072ce80000)
 ParOldGen       total 253952K, used 13774K [0x00000005c0000000, 0x00000005cf800000, 0x0000000715580000)
  object space 253952K, 5% used [0x00000005c0000000,0x00000005c0d73958,0x00000005cf800000)
 Metaspace       used 34274K, capacity 35477K, committed 35496K, reserved 1079296K
  class space    used 4491K, capacity 4758K, committed 4776K, reserved 1048576K
}
Event: 7.318 GC heap before
{Heap before GC invocations=8 (full 2):
 PSYoungGen      total 237056K, used 215552K [0x0000000715580000, 0x000000072ce80000, 0x00000007c0000000)
  eden space 215552K, 100% used [0x0000000715580000,0x0000000722800000,0x0000000722800000)
  from space 21504K, 0% used [0x0000000722800000,0x0000000722800000,0x0000000723d00000)
  to   space 12288K, 0% used [0x000000072c280000,0x000000072c280000,0x000000072ce80000)
 ParOldGen       total 253952K, used 13774K [0x00000005c0000000, 0x00000005cf800000, 0x0000000715580000)
  object space 253952K, 5% used [0x00000005c0000000,0x00000005c0d73958,0x00000005cf800000)
 Metaspace       used 44074K, capacity 45747K, committed 45864K, reserved 1089536K
  class space    used 5621K, capacity 5921K, committed 5928K, reserved 1048576K
Event: 7.328 GC heap after
Heap after GC invocations=8 (full 2):
 PSYoungGen      total 350208K, used 12262K [0x0000000715580000, 0x000000072ce80000, 0x00000007c0000000)
  eden space 337920K, 0% used [0x0000000715580000,0x0000000715580000,0x0000000729f80000)
  from space 12288K, 99% used [0x000000072c280000,0x000000072ce79800,0x000000072ce80000)
  to   space 15360K, 0% used [0x000000072b080000,0x000000072b080000,0x000000072bf80000)
 ParOldGen       total 253952K, used 16877K [0x00000005c0000000, 0x00000005cf800000, 0x0000000715580000)
  object space 253952K, 6% used [0x00000005c0000000,0x00000005c107b6b8,0x00000005cf800000)
 Metaspace       used 44074K, capacity 45747K, committed 45864K, reserved 1089536K
  class space    used 5621K, capacity 5921K, committed 5928K, reserved 1048576K
}
Event: 9.195 GC heap before
{Heap before GC invocations=9 (full 2):
 PSYoungGen      total 350208K, used 213258K [0x0000000715580000, 0x000000072ce80000, 0x00000007c0000000)
  eden space 337920K, 59% used [0x0000000715580000,0x00000007219c9318,0x0000000729f80000)
  from space 12288K, 99% used [0x000000072c280000,0x000000072ce79800,0x000000072ce80000)
  to   space 15360K, 0% used [0x000000072b080000,0x000000072b080000,0x000000072bf80000)
 ParOldGen       total 253952K, used 16877K [0x00000005c0000000, 0x00000005cf800000, 0x0000000715580000)
  object space 253952K, 6% used [0x00000005c0000000,0x00000005c107b6b8,0x00000005cf800000)
 Metaspace       used 57130K, capacity 59011K, committed 59160K, reserved 1099776K
  class space    used 7708K, capacity 8069K, committed 8104K, reserved 1048576K
Event: 9.210 GC heap after
Heap after GC invocations=9 (full 2):
 PSYoungGen      total 370688K, used 15332K [0x0000000715580000, 0x0000000737b00000, 0x00000007c0000000)
  eden space 355328K, 0% used [0x0000000715580000,0x0000000715580000,0x000000072b080000)
  from space 15360K, 99% used [0x000000072b080000,0x000000072bf79328,0x000000072bf80000)
  to   space 20992K, 0% used [0x0000000736680000,0x0000000736680000,0x0000000737b00000)
 ParOldGen       total 253952K, used 24545K [0x00000005c0000000, 0x00000005cf800000, 0x0000000715580000)
  object space 253952K, 9% used [0x00000005c0000000,0x00000005c17f8598,0x00000005cf800000)
 Metaspace       used 57130K, capacity 59011K, committed 59160K, reserved 1099776K
  class space    used 7708K, capacity 8069K, committed 8104K, reserved 1048576K
}
Event: 9.210 GC heap before
{Heap before GC invocations=10 (full 3):
 PSYoungGen      total 370688K, used 15332K [0x0000000715580000, 0x0000000737b00000, 0x00000007c0000000)
  eden space 355328K, 0% used [0x0000000715580000,0x0000000715580000,0x000000072b080000)
  from space 15360K, 99% used [0x000000072b080000,0x000000072bf79328,0x000000072bf80000)
  to   space 20992K, 0% used [0x0000000736680000,0x0000000736680000,0x0000000737b00000)
 ParOldGen       total 253952K, used 24545K [0x00000005c0000000, 0x00000005cf800000, 0x0000000715580000)
  object space 253952K, 9% used [0x00000005c0000000,0x00000005c17f8598,0x00000005cf800000)
 Metaspace       used 57130K, capacity 59011K, committed 59160K, reserved 1099776K
  class space    used 7708K, capacity 8069K, committed 8104K, reserved 1048576K
Event: 9.325 GC heap after
Heap after GC invocations=10 (full 3):
 PSYoungGen      total 370688K, used 0K [0x0000000715580000, 0x0000000737b00000, 0x00000007c0000000)
  eden space 355328K, 0% used [0x0000000715580000,0x0000000715580000,0x000000072b080000)
  from space 15360K, 0% used [0x000000072b080000,0x000000072b080000,0x000000072bf80000)
  to   space 20992K, 0% used [0x0000000736680000,0x0000000736680000,0x0000000737b00000)
 ParOldGen       total 362496K, used 33939K [0x00000005c0000000, 0x00000005d6200000, 0x0000000715580000)
  object space 362496K, 9% used [0x00000005c0000000,0x00000005c2124db8,0x00000005d6200000)
 Metaspace       used 57130K, capacity 59011K, committed 59160K, reserved 1099776K
  class space    used 7708K, capacity 8069K, committed 8104K, reserved 1048576K
}
Event: 32.729 GC heap before
{Heap before GC invocations=11 (full 3):
 PSYoungGen      total 370688K, used 355328K [0x0000000715580000, 0x0000000737b00000, 0x00000007c0000000)
  eden space 355328K, 100% used [0x0000000715580000,0x000000072b080000,0x000000072b080000)
  from space 15360K, 0% used [0x000000072b080000,0x000000072b080000,0x000000072bf80000)
  to   space 20992K, 0% used [0x0000000736680000,0x0000000736680000,0x0000000737b00000)
 ParOldGen       total 362496K, used 33939K [0x00000005c0000000, 0x00000005d6200000, 0x0000000715580000)
  object space 362496K, 9% used [0x00000005c0000000,0x00000005c2124db8,0x00000005d6200000)
 Metaspace       used 71421K, capacity 74343K, committed 74536K, reserved 1114112K
  class space    used 9678K, capacity 10163K, committed 10280K, reserved 1048576K
Event: 32.741 GC heap after
Heap after GC invocations=11 (full 3):
 PSYoungGen      total 501760K, used 19395K [0x0000000715580000, 0x0000000737980000, 0x00000007c0000000)
  eden space 482304K, 0% used [0x0000000715580000,0x0000000715580000,0x0000000732c80000)
  from space 19456K, 99% used [0x0000000736680000,0x0000000737970f78,0x0000000737980000)
  to   space 23040K, 0% used [0x0000000734c80000,0x0000000734c80000,0x0000000736300000)
 ParOldGen       total 362496K, used 33966K [0x00000005c0000000, 0x00000005d6200000, 0x0000000715580000)
  object space 362496K, 9% used [0x00000005c0000000,0x00000005c212ba08,0x00000005d6200000)
 Metaspace       used 71421K, capacity 74343K, committed 74536K, reserved 1114112K
  class space    used 9678K, capacity 10163K, committed 10280K, reserved 1048576K
}

